<?xml version="1.0" encoding="UTF-8"?>
<testng-results ignored="0" total="1" passed="1" failed="0" skipped="0">
  <reporter-output>
  </reporter-output>
  <suite started-at="2022-08-01T22:32:02 IST" name="InetBankingV1" finished-at="2022-08-01T22:32:45 IST" duration-ms="43043">
    <groups>
    </groups>
    <test started-at="2022-08-01T22:32:02 IST" name="BankingApp Test" finished-at="2022-08-01T22:32:45 IST" duration-ms="43043">
      <class name="com.inetbanking.testCases.TC_LoginTest_001">
        <test-method is-config="true" signature="setup(java.lang.String)[pri:0, instance:com.inetbanking.testCases.TC_LoginTest_001@20deea7f]" started-at="2022-08-01T22:32:04 IST" name="setup" finished-at="2022-08-01T22:32:23 IST" duration-ms="19204" status="PASS">
          <params>
            <param index="0">
              <value>
                <![CDATA[chrome]]>
              </value>
            </param>
          </params>
          <reporter-output>
          </reporter-output>
        </test-method> <!-- setup -->
        <test-method signature="loginTest()[pri:0, instance:com.inetbanking.testCases.TC_LoginTest_001@20deea7f]" started-at="2022-08-01T22:32:23 IST" name="loginTest" finished-at="2022-08-01T22:32:44 IST" duration-ms="21275" status="PASS">
          <reporter-output>
          </reporter-output>
        </test-method> <!-- loginTest -->
        <test-method is-config="true" signature="tearDown()[pri:0, instance:com.inetbanking.testCases.TC_LoginTest_001@20deea7f]" started-at="2022-08-01T22:32:45 IST" name="tearDown" finished-at="2022-08-01T22:32:45 IST" duration-ms="905" status="PASS">
          <reporter-output>
          </reporter-output>
        </test-method> <!-- tearDown -->
      </class> <!-- com.inetbanking.testCases.TC_LoginTest_001 -->
    </test> <!-- BankingApp Test -->
  </suite> <!-- InetBankingV1 -->
</testng-results>
